Determining if the pthread_create exist failed with the following output:
Change Dir: /mnt/d/workspace/algorithm-cpp/cmake-build-debug/CMakeFiles/CMakeTmp

Run Build Command(s):/usr/bin/make cmTC_a2699/fast 
/usr/bin/make -f CMakeFiles/cmTC_a2699.dir/build.make CMakeFiles/cmTC_a2699.dir/build
make[1]: Entering directory '/mnt/d/workspace/algorithm-cpp/cmake-build-debug/CMakeFiles/CMakeTmp'
Building C object CMakeFiles/cmTC_a2699.dir/CheckSymbolExists.c.o
/usr/bin/cc    -o CMakeFiles/cmTC_a2699.dir/CheckSymbolExists.c.o   -c /mnt/d/workspace/algorithm-cpp/cmake-build-debug/CMakeFiles/CMakeTmp/CheckSymbolExists.c
Linking C executable cmTC_a2699
/opt/cmake/cmake-3.14.3-Linux-x86_64/bin/cmake -E cmake_link_script CMakeFiles/cmTC_a2699.dir/link.txt --verbose=1
/usr/bin/cc      -rdynamic CMakeFiles/cmTC_a2699.dir/CheckSymbolExists.c.o  -o cmTC_a2699 
CMakeFiles/cmTC_a2699.dir/CheckSymbolExists.c.o: In function `main':
CheckSymbolExists.c:(.text+0x16): undefined reference to `pthread_create'
collect2: error: ld returned 1 exit status
CMakeFiles/cmTC_a2699.dir/build.make:86: recipe for target 'cmTC_a2699' failed
make[1]: *** [cmTC_a2699] Error 1
make[1]: Leaving directory '/mnt/d/workspace/algorithm-cpp/cmake-build-debug/CMakeFiles/CMakeTmp'
Makefile:121: recipe for target 'cmTC_a2699/fast' failed
make: *** [cmTC_a2699/fast] Error 2

File /mnt/d/workspace/algorithm-cpp/cmake-build-debug/CMakeFiles/CMakeTmp/CheckSymbolExists.c:
/* */
#include <pthread.h>

int main(int argc, char** argv)
{
  (void)argv;
#ifndef pthread_create
  return ((int*)(&pthread_create))[argc];
#else
  (void)argc;
  return 0;
#endif
}

Determining if the function pthread_create exists in the pthreads failed with the following output:
Change Dir: /mnt/d/workspace/algorithm-cpp/cmake-build-debug/CMakeFiles/CMakeTmp

Run Build Command(s):/usr/bin/make cmTC_94e12/fast 
/usr/bin/make -f CMakeFiles/cmTC_94e12.dir/build.make CMakeFiles/cmTC_94e12.dir/build
make[1]: Entering directory '/mnt/d/workspace/algorithm-cpp/cmake-build-debug/CMakeFiles/CMakeTmp'
Building C object CMakeFiles/cmTC_94e12.dir/CheckFunctionExists.c.o
/usr/bin/cc   -DCHECK_FUNCTION_EXISTS=pthread_create   -o CMakeFiles/cmTC_94e12.dir/CheckFunctionExists.c.o   -c /opt/cmake/cmake-3.14.3-Linux-x86_64/share/cmake-3.14/Modules/CheckFunctionExists.c
Linking C executable cmTC_94e12
/opt/cmake/cmake-3.14.3-Linux-x86_64/bin/cmake -E cmake_link_script CMakeFiles/cmTC_94e12.dir/link.txt --verbose=1
/usr/bin/cc  -DCHECK_FUNCTION_EXISTS=pthread_create    -rdynamic CMakeFiles/cmTC_94e12.dir/CheckFunctionExists.c.o  -o cmTC_94e12 -lpthreads 
/usr/bin/ld: cannot find -lpthreads
collect2: error: ld returned 1 exit status
CMakeFiles/cmTC_94e12.dir/build.make:86: recipe for target 'cmTC_94e12' failed
make[1]: *** [cmTC_94e12] Error 1
make[1]: Leaving directory '/mnt/d/workspace/algorithm-cpp/cmake-build-debug/CMakeFiles/CMakeTmp'
Makefile:121: recipe for target 'cmTC_94e12/fast' failed
make: *** [cmTC_94e12/fast] Error 2


