Determining if the pthread_create exist failed with the following output:
Change Dir: /mnt/d/workspace/algorithm-cpp/cmake-build-debug-wsl/CMakeFiles/CMakeTmp

Run Build Command(s):/usr/bin/make cmTC_1213c/fast 
/usr/bin/make -f CMakeFiles/cmTC_1213c.dir/build.make CMakeFiles/cmTC_1213c.dir/build
make[1]: Entering directory '/mnt/d/workspace/algorithm-cpp/cmake-build-debug-wsl/CMakeFiles/CMakeTmp'
Building C object CMakeFiles/cmTC_1213c.dir/CheckSymbolExists.c.o
/usr/bin/cc    -o CMakeFiles/cmTC_1213c.dir/CheckSymbolExists.c.o   -c /mnt/d/workspace/algorithm-cpp/cmake-build-debug-wsl/CMakeFiles/CMakeTmp/CheckSymbolExists.c
Linking C executable cmTC_1213c
/opt/cmake/bin/cmake -E cmake_link_script CMakeFiles/cmTC_1213c.dir/link.txt --verbose=1
/usr/bin/cc      CMakeFiles/cmTC_1213c.dir/CheckSymbolExists.c.o  -o cmTC_1213c 
CMakeFiles/cmTC_1213c.dir/CheckSymbolExists.c.o: In function `main':
CheckSymbolExists.c:(.text+0x1b): undefined reference to `pthread_create'
collect2: error: ld returned 1 exit status
CMakeFiles/cmTC_1213c.dir/build.make:86: recipe for target 'cmTC_1213c' failed
make[1]: *** [cmTC_1213c] Error 1
make[1]: Leaving directory '/mnt/d/workspace/algorithm-cpp/cmake-build-debug-wsl/CMakeFiles/CMakeTmp'
Makefile:121: recipe for target 'cmTC_1213c/fast' failed
make: *** [cmTC_1213c/fast] Error 2

File /mnt/d/workspace/algorithm-cpp/cmake-build-debug-wsl/CMakeFiles/CMakeTmp/CheckSymbolExists.c:
/* */
#include <pthread.h>

int main(int argc, char** argv)
{
  (void)argv;
#ifndef pthread_create
  return ((int*)(&pthread_create))[argc];
#else
  (void)argc;
  return 0;
#endif
}

Determining if the function pthread_create exists in the pthreads failed with the following output:
Change Dir: /mnt/d/workspace/algorithm-cpp/cmake-build-debug-wsl/CMakeFiles/CMakeTmp

Run Build Command(s):/usr/bin/make cmTC_7f94b/fast 
/usr/bin/make -f CMakeFiles/cmTC_7f94b.dir/build.make CMakeFiles/cmTC_7f94b.dir/build
make[1]: Entering directory '/mnt/d/workspace/algorithm-cpp/cmake-build-debug-wsl/CMakeFiles/CMakeTmp'
Building C object CMakeFiles/cmTC_7f94b.dir/CheckFunctionExists.c.o
/usr/bin/cc   -DCHECK_FUNCTION_EXISTS=pthread_create   -o CMakeFiles/cmTC_7f94b.dir/CheckFunctionExists.c.o   -c /opt/cmake/share/cmake-3.14/Modules/CheckFunctionExists.c
Linking C executable cmTC_7f94b
/opt/cmake/bin/cmake -E cmake_link_script CMakeFiles/cmTC_7f94b.dir/link.txt --verbose=1
/usr/bin/cc  -DCHECK_FUNCTION_EXISTS=pthread_create    CMakeFiles/cmTC_7f94b.dir/CheckFunctionExists.c.o  -o cmTC_7f94b -lpthreads 
/usr/bin/ld: cannot find -lpthreads
collect2: error: ld returned 1 exit status
CMakeFiles/cmTC_7f94b.dir/build.make:86: recipe for target 'cmTC_7f94b' failed
make[1]: *** [cmTC_7f94b] Error 1
make[1]: Leaving directory '/mnt/d/workspace/algorithm-cpp/cmake-build-debug-wsl/CMakeFiles/CMakeTmp'
Makefile:121: recipe for target 'cmTC_7f94b/fast' failed
make: *** [cmTC_7f94b/fast] Error 2


